<?xml version="1.0" encoding="UTF-8"?>
<!-- Generated by org.testng.reporters.JUnitXMLReporter -->
<testsuite hostname="LIN35006831" failures="2" tests="2" name="ValidateEnteringValuesWithExcel" time="51.293" errors="0" timestamp="26 Mar 2021 07:04:52 GMT">
  <testcase classname="com.qa.seleniumeasy.tests.ValidateEnteringValueswithExcel" name="validateEnteringValue" time="12.021">
    <failure type="java.lang.NullPointerException" message="Cannot invoke &amp;quot;org.apache.poi.xssf.usermodel.XSSFRow.getCell(int)&amp;quot; because &amp;quot;com.qa.seleniumeasy.utils.ExcelUtil.row&amp;quot; is null">
      <![CDATA[java.lang.NullPointerException: Cannot invoke "org.apache.poi.xssf.usermodel.XSSFRow.getCell(int)" because "com.qa.seleniumeasy.utils.ExcelUtil.row" is null
	at com.qa.seleniumeasy.utils.ExcelUtil.getCellData(ExcelUtil.java:27)
	at com.qa.seleniumeasy.pageEvents.InputFormEvents.enterMessage(InputFormEvents.java:30)
	at com.qa.seleniumeasy.tests.ValidateEnteringValueswithExcel.validateEnteringValue(ValidateEnteringValueswithExcel.java:49)
	at java.base/java.util.concurrent.FutureTask.run(FutureTask.java:264)
	at java.base/java.util.concurrent.ThreadPoolExecutor.runWorker(ThreadPoolExecutor.java:1130)
	at java.base/java.util.concurrent.ThreadPoolExecutor$Worker.run(ThreadPoolExecutor.java:630)
	at java.base/java.lang.Thread.run(Thread.java:832)
... Removed 16 stack frames]]>
    </failure>
  </testcase> <!-- validateEnteringValue -->
  <testcase classname="com.qa.seleniumeasy.tests.ValidateEnteringValueswithExcel" name="validateEnteringValue" time="10.269">
    <failure type="java.lang.NullPointerException" message="Cannot invoke &amp;quot;org.apache.poi.xssf.usermodel.XSSFRow.getCell(int)&amp;quot; because &amp;quot;com.qa.seleniumeasy.utils.ExcelUtil.row&amp;quot; is null">
      <![CDATA[java.lang.NullPointerException: Cannot invoke "org.apache.poi.xssf.usermodel.XSSFRow.getCell(int)" because "com.qa.seleniumeasy.utils.ExcelUtil.row" is null
	at com.qa.seleniumeasy.utils.ExcelUtil.getCellData(ExcelUtil.java:27)
	at com.qa.seleniumeasy.pageEvents.InputFormEvents.enterMessage(InputFormEvents.java:30)
	at com.qa.seleniumeasy.tests.ValidateEnteringValueswithExcel.validateEnteringValue(ValidateEnteringValueswithExcel.java:49)
	at java.base/java.util.concurrent.FutureTask.run(FutureTask.java:264)
	at java.base/java.util.concurrent.ThreadPoolExecutor.runWorker(ThreadPoolExecutor.java:1130)
	at java.base/java.util.concurrent.ThreadPoolExecutor$Worker.run(ThreadPoolExecutor.java:630)
	at java.base/java.lang.Thread.run(Thread.java:832)
... Removed 16 stack frames]]>
    </failure>
  </testcase> <!-- validateEnteringValue -->
</testsuite> <!-- ValidateEnteringValuesWithExcel -->
