<?xml version="1.0" encoding="UTF-8"?>
<!-- Generated by org.testng.reporters.JUnitXMLReporter -->
<testsuite hostname="LIN35006831" failures="2" tests="2" name="ValidateDragAndDrop" time="122.594" errors="0" timestamp="31 Mar 2021 08:20:18 GMT">
  <testcase classname="com.qa.seleniumeasy.tests.ValidateDragAndDrop" name="validateDrangAndDrop" time="15.058">
    <failure type="java.lang.AssertionError" message="expected [true] but found [false]">
      <![CDATA[java.lang.AssertionError: expected [true] but found [false]
	at com.qa.seleniumeasy.pageEvents.DragAndDropEvents.dragDropVerifier(DragAndDropEvents.java:55)
	at com.qa.seleniumeasy.tests.ValidateDragAndDrop.validateDrangAndDrop(ValidateDragAndDrop.java:48)
	at java.base/java.util.concurrent.FutureTask.run(FutureTask.java:264)
	at java.base/java.util.concurrent.ThreadPoolExecutor.runWorker(ThreadPoolExecutor.java:1128)
	at java.base/java.util.concurrent.ThreadPoolExecutor$Worker.run(ThreadPoolExecutor.java:628)
	at java.base/java.lang.Thread.run(Thread.java:835)
... Removed 20 stack frames]]>
    </failure>
  </testcase> <!-- validateDrangAndDrop -->
  <testcase classname="com.qa.seleniumeasy.tests.ValidateDragAndDrop" name="validateDrangAndDrop" time="30.308">
    <failure type="java.lang.AssertionError" message="expected [true] but found [false]">
      <![CDATA[java.lang.AssertionError: expected [true] but found [false]
	at com.qa.seleniumeasy.pageEvents.DragAndDropEvents.dragDropVerifier(DragAndDropEvents.java:55)
	at com.qa.seleniumeasy.tests.ValidateDragAndDrop.validateDrangAndDrop(ValidateDragAndDrop.java:48)
	at java.base/java.util.concurrent.FutureTask.run(FutureTask.java:264)
	at java.base/java.util.concurrent.ThreadPoolExecutor.runWorker(ThreadPoolExecutor.java:1128)
	at java.base/java.util.concurrent.ThreadPoolExecutor$Worker.run(ThreadPoolExecutor.java:628)
	at java.base/java.lang.Thread.run(Thread.java:835)
... Removed 20 stack frames]]>
    </failure>
  </testcase> <!-- validateDrangAndDrop -->
</testsuite> <!-- ValidateDragAndDrop -->
