<?xml version="1.0" encoding="UTF-8"?>
<!-- Generated by org.testng.reporters.JUnitXMLReporter -->
<testsuite hostname="LIN35006831" failures="3" tests="3" name="ValidateEnteringValuesWithExcel" time="54.818" errors="0" timestamp="31 Mar 2021 20:00:16 GMT">
  <testcase classname="com.qa.seleniumeasy.tests.ValidateEnteringValueswithExcel" name="validateEnteringValue" time="12.456">
    <failure type="java.lang.AssertionError" message="expected [true] but found [false]">
      <![CDATA[java.lang.AssertionError: expected [true] but found [false]
	at com.qa.seleniumeasy.pageEvents.InputFormEvents.showMessage(InputFormEvents.java:42)
	at com.qa.seleniumeasy.tests.ValidateEnteringValueswithExcel.validateEnteringValue(ValidateEnteringValueswithExcel.java:50)
	at java.base/java.util.concurrent.FutureTask.run(FutureTask.java:264)
	at java.base/java.util.concurrent.ThreadPoolExecutor.runWorker(ThreadPoolExecutor.java:1128)
	at java.base/java.util.concurrent.ThreadPoolExecutor$Worker.run(ThreadPoolExecutor.java:628)
	at java.base/java.lang.Thread.run(Thread.java:835)
... Removed 20 stack frames]]>
    </failure>
  </testcase> <!-- validateEnteringValue -->
  <testcase classname="com.qa.seleniumeasy.tests.ValidateEnteringValueswithExcel" name="validateEnteringValue" time="12.115">
    <failure type="java.lang.AssertionError" message="expected [true] but found [false]">
      <![CDATA[java.lang.AssertionError: expected [true] but found [false]
	at com.qa.seleniumeasy.pageEvents.InputFormEvents.showMessage(InputFormEvents.java:42)
	at com.qa.seleniumeasy.tests.ValidateEnteringValueswithExcel.validateEnteringValue(ValidateEnteringValueswithExcel.java:50)
	at java.base/java.util.concurrent.FutureTask.run(FutureTask.java:264)
	at java.base/java.util.concurrent.ThreadPoolExecutor.runWorker(ThreadPoolExecutor.java:1128)
	at java.base/java.util.concurrent.ThreadPoolExecutor$Worker.run(ThreadPoolExecutor.java:628)
	at java.base/java.lang.Thread.run(Thread.java:835)
... Removed 20 stack frames]]>
    </failure>
  </testcase> <!-- validateEnteringValue -->
  <testcase classname="com.qa.seleniumeasy.tests.ValidateEnteringValueswithExcel" name="validateEnteringValue" time="51.205">
    <failure type="java.lang.ClassCastException" message="class org.apache.commons.mail.SimpleEmail cannot be cast to class org.apache.commons.mail.MultiPartEmail (org.apache.commons.mail.SimpleEmail and org.apache.commons.mail.MultiPartEmail are in unnamed module of loader &amp;apos;app&amp;apos;)">
      <![CDATA[java.lang.ClassCastException: class org.apache.commons.mail.SimpleEmail cannot be cast to class org.apache.commons.mail.MultiPartEmail (org.apache.commons.mail.SimpleEmail and org.apache.commons.mail.MultiPartEmail are in unnamed module of loader 'app')
	at com.qa.seleniumeasy.listeners.ListenerClass.sendEmail(ListenerClass.java:177)
	at com.qa.seleniumeasy.listeners.ListenerClass.onTestFailure(ListenerClass.java:92)
	at java.base/java.util.concurrent.FutureTask.run(FutureTask.java:264)
	at java.base/java.util.concurrent.ThreadPoolExecutor.runWorker(ThreadPoolExecutor.java:1128)
	at java.base/java.util.concurrent.ThreadPoolExecutor$Worker.run(ThreadPoolExecutor.java:628)
	at java.base/java.lang.Thread.run(Thread.java:835)
... Removed 13 stack frames]]>
    </failure>
  </testcase> <!-- validateEnteringValue -->
</testsuite> <!-- ValidateEnteringValuesWithExcel -->
