<?xml version="1.0" encoding="UTF-8"?>
<testsuite xmlns:xsi="http://www.w3.org/2001/XMLSchema-instance" xsi:noNamespaceSchemaLocation="https://maven.apache.org/surefire/maven-surefire-plugin/xsd/surefire-test-report-3.0.xsd" version="3.0" name="TestSuite" time="57.177" tests="3" errors="0" skipped="0" failures="3">
  <properties>
[...]
</properties>
  <testcase name="validateEnteringValue" classname="com.qa.seleniumeasy.tests.ValidateEnteringValueswithExcel" time="12.342">
    <failure message="expected [true] but found [false]" type="java.lang.AssertionError"><![CDATA[java.lang.AssertionError: expected [true] but found [false]
	at com.qa.seleniumeasy.tests.ValidateEnteringValueswithExcel.validateEnteringValue(ValidateEnteringValueswithExcel.java:50)
]]></failure>
    <system-err><![CDATA[1617220762512	geckodriver	INFO	Listening on 127.0.0.1:17937
1617220763220	mozrunner::runner	INFO	Running command: "C:\\Program Files\\Mozilla Firefox\\firefox.exe" "--marionette" "-foreground" "-no-remote" "-profile" "C:\\Users\\mahvishw\\AppData\\Local\\Temp\\rust_mozprofileU4B9ab"
JavaScript error: resource://gre/modules/XULStore.jsm, line 66: Error: Can't find profile directory.
console.warn: SearchSettings: "get: No settings file exists, new profile?" (new Error("", "(unknown module)"))
1617220768191	Marionette	INFO	Listening on port 54984
1617220768589	Marionette	WARN	TLS certificate errors will be ignored for this session
Apr 01, 2021 1:29:28 AM org.openqa.selenium.remote.ProtocolHandshake createSession
INFO: Detected dialect: W3C
JavaScript warning: https://code.jquery.com/jquery-1.10.2.min.js, line 2: Using //@ to indicate sourceMappingURL pragmas is deprecated. Use //# instead
JavaScript error: https://www.seleniumeasy.com/sites/default/files/js/js_1pwJufKjiQsl5tLfRR9NEVuVtIW5DVu-beBr8FbgvmM.js, line 10: TypeError: $(...).get(...) is undefined
JavaScript error: , line 0: uncaught exception: undefined
]]></system-err>
  </testcase>
  <testcase name="validateEnteringValue" classname="com.qa.seleniumeasy.tests.ValidateEnteringValueswithExcel" time="11.974">
    <failure message="expected [true] but found [false]" type="java.lang.AssertionError"><![CDATA[java.lang.AssertionError: expected [true] but found [false]
	at com.qa.seleniumeasy.tests.ValidateEnteringValueswithExcel.validateEnteringValue(ValidateEnteringValueswithExcel.java:50)
]]></failure>
    <system-out><![CDATA[============Test started=======================
============email sent=======================
]]></system-out>
    <system-err><![CDATA[1617220788784	geckodriver	INFO	Listening on 127.0.0.1:7006
1617220789195	mozrunner::runner	INFO	Running command: "C:\\Program Files\\Mozilla Firefox\\firefox.exe" "--marionette" "-foreground" "-no-remote" "-profile" "C:\\Users\\mahvishw\\AppData\\Local\\Temp\\rust_mozprofile5gv5vO"
JavaScript error: resource://gre/modules/XULStore.jsm, line 66: Error: Can't find profile directory.
console.warn: SearchSettings: "get: No settings file exists, new profile?" (new Error("", "(unknown module)"))
1617220794238	Marionette	INFO	Listening on port 55095
1617220794575	Marionette	WARN	TLS certificate errors will be ignored for this session
Apr 01, 2021 1:29:54 AM org.openqa.selenium.remote.ProtocolHandshake createSession
INFO: Detected dialect: W3C
JavaScript warning: https://code.jquery.com/jquery-1.10.2.min.js, line 2: Using //@ to indicate sourceMappingURL pragmas is deprecated. Use //# instead
JavaScript error: https://www.seleniumeasy.com/sites/default/files/js/js_1pwJufKjiQsl5tLfRR9NEVuVtIW5DVu-beBr8FbgvmM.js, line 10: TypeError: $(...).get(...) is undefined
JavaScript error: , line 0: uncaught exception: undefined
]]></system-err>
  </testcase>
  <testcase name="validateEnteringValue" classname="com.qa.seleniumeasy.tests.ValidateEnteringValueswithExcel" time="15.99">
    <failure message="class org.apache.commons.mail.SimpleEmail cannot be cast to class org.apache.commons.mail.MultiPartEmail (org.apache.commons.mail.SimpleEmail and org.apache.commons.mail.MultiPartEmail are in unnamed module of loader &apos;app&apos;)" type="java.lang.ClassCastException"><![CDATA[java.lang.ClassCastException: class org.apache.commons.mail.SimpleEmail cannot be cast to class org.apache.commons.mail.MultiPartEmail (org.apache.commons.mail.SimpleEmail and org.apache.commons.mail.MultiPartEmail are in unnamed module of loader 'app')
]]></failure>
    <system-out><![CDATA[============Test started=======================
============email sent=======================
]]></system-out>
  </testcase>
</testsuite>