<?xml version="1.0" encoding="UTF-8"?>
<testng-results total="1" passed="0" failed="1" skipped="0">
  <reporter-output>
  </reporter-output>
  <suite started-at="2021-03-26T07:04:00Z" name="Suite" finished-at="2021-03-26T07:04:52Z" duration-ms="51293">
    <groups>
    </groups>
    <test started-at="2021-03-26T07:04:00Z" name="ValidateEnteringValuesWithExcel" finished-at="2021-03-26T07:04:52Z" duration-ms="51293">
      <class name="com.qa.seleniumeasy.tests.ValidateEnteringValueswithExcel">
        <test-method is-config="true" signature="beforeTest()[pri:0, instance:com.qa.seleniumeasy.tests.ValidateEnteringValueswithExcel@68c9133c]" started-at="2021-03-26T12:34:01Z" name="beforeTest" finished-at="2021-03-26T12:34:01Z" duration-ms="22" status="PASS">
          <reporter-output>
          </reporter-output>
        </test-method> <!-- beforeTest -->
        <test-method is-config="true" signature="beforeMethod(java.lang.String, java.lang.reflect.Method)[pri:0, instance:com.qa.seleniumeasy.tests.ValidateEnteringValueswithExcel@68c9133c]" started-at="2021-03-26T12:34:01Z" name="beforeMethod" finished-at="2021-03-26T12:34:15Z" duration-ms="14529" status="PASS">
          <params>
            <param index="0">
              <value>
                <![CDATA[firefox]]>
              </value>
            </param>
            <param index="1">
              <value>
                <![CDATA[public void com.qa.seleniumeasy.tests.ValidateEnteringValueswithExcel.validateEnteringValue() throws java.io.IOException]]>
              </value>
            </param>
          </params>
          <reporter-output>
          </reporter-output>
        </test-method> <!-- beforeMethod -->
        <test-method is-config="true" signature="afterMethod(org.testng.ITestResult)[pri:0, instance:com.qa.seleniumeasy.tests.ValidateEnteringValueswithExcel@68c9133c]" started-at="2021-03-26T12:34:27Z" name="afterMethod" finished-at="2021-03-26T12:34:29Z" duration-ms="1717" status="PASS">
          <params>
            <param index="0">
              <value>
                <![CDATA[[TestResult name=validateEnteringValue status=FAILURE method=ValidateEnteringValueswithExcel.validateEnteringValue()[pri:0, instance:com.qa.seleniumeasy.tests.ValidateEnteringValueswithExcel@68c9133c] output={null}]]]>
              </value>
            </param>
          </params>
          <reporter-output>
          </reporter-output>
        </test-method> <!-- afterMethod -->
        <test-method is-config="true" signature="beforeMethod(java.lang.String, java.lang.reflect.Method)[pri:0, instance:com.qa.seleniumeasy.tests.ValidateEnteringValueswithExcel@68c9133c]" started-at="2021-03-26T12:34:29Z" name="beforeMethod" finished-at="2021-03-26T12:34:39Z" duration-ms="10096" status="PASS">
          <params>
            <param index="0">
              <value>
                <![CDATA[firefox]]>
              </value>
            </param>
            <param index="1">
              <value>
                <![CDATA[public void com.qa.seleniumeasy.tests.ValidateEnteringValueswithExcel.validateEnteringValue() throws java.io.IOException]]>
              </value>
            </param>
          </params>
          <reporter-output>
          </reporter-output>
        </test-method> <!-- beforeMethod -->
        <test-method signature="validateEnteringValue()[pri:0, instance:com.qa.seleniumeasy.tests.ValidateEnteringValueswithExcel@68c9133c]" started-at="2021-03-26T12:34:39Z" name="validateEnteringValue" finished-at="2021-03-26T12:34:50Z" duration-ms="10269" status="FAIL">
          <exception class="java.lang.NullPointerException">
            <message>
              <![CDATA[Cannot invoke "org.apache.poi.xssf.usermodel.XSSFRow.getCell(int)" because "com.qa.seleniumeasy.utils.ExcelUtil.row" is null]]>
            </message>
            <full-stacktrace>
              <![CDATA[java.lang.NullPointerException: Cannot invoke "org.apache.poi.xssf.usermodel.XSSFRow.getCell(int)" because "com.qa.seleniumeasy.utils.ExcelUtil.row" is null
	at com.qa.seleniumeasy.utils.ExcelUtil.getCellData(ExcelUtil.java:27)
	at com.qa.seleniumeasy.pageEvents.InputFormEvents.enterMessage(InputFormEvents.java:30)
	at com.qa.seleniumeasy.tests.ValidateEnteringValueswithExcel.validateEnteringValue(ValidateEnteringValueswithExcel.java:49)
	at java.base/jdk.internal.reflect.NativeMethodAccessorImpl.invoke0(Native Method)
	at java.base/jdk.internal.reflect.NativeMethodAccessorImpl.invoke(NativeMethodAccessorImpl.java:64)
	at java.base/jdk.internal.reflect.DelegatingMethodAccessorImpl.invoke(DelegatingMethodAccessorImpl.java:43)
	at java.base/java.lang.reflect.Method.invoke(Method.java:564)
	at org.testng.internal.MethodInvocationHelper.invokeMethod(MethodInvocationHelper.java:85)
	at org.testng.internal.Invoker.invokeMethod(Invoker.java:696)
	at org.testng.internal.Invoker.retryFailed(Invoker.java:1027)
	at org.testng.internal.Invoker.invokeTestMethods(Invoker.java:1207)
	at org.testng.internal.TestMethodWorker.invokeTestMethods(TestMethodWorker.java:124)
	at org.testng.internal.TestMethodWorker.run(TestMethodWorker.java:108)
	at org.testng.TestRunner.privateRun(TestRunner.java:767)
	at org.testng.TestRunner.run(TestRunner.java:617)
	at org.testng.SuiteRunner.runTest(SuiteRunner.java:348)
	at org.testng.SuiteRunner.access$000(SuiteRunner.java:38)
	at org.testng.SuiteRunner$SuiteWorker.run(SuiteRunner.java:382)
	at org.testng.internal.thread.ThreadUtil$2.call(ThreadUtil.java:64)
	at java.base/java.util.concurrent.FutureTask.run(FutureTask.java:264)
	at java.base/java.util.concurrent.ThreadPoolExecutor.runWorker(ThreadPoolExecutor.java:1130)
	at java.base/java.util.concurrent.ThreadPoolExecutor$Worker.run(ThreadPoolExecutor.java:630)
	at java.base/java.lang.Thread.run(Thread.java:832)
]]>
            </full-stacktrace>
          </exception> <!-- java.lang.NullPointerException -->
          <reporter-output>
          </reporter-output>
        </test-method> <!-- validateEnteringValue -->
        <test-method is-config="true" signature="afterMethod(org.testng.ITestResult)[pri:0, instance:com.qa.seleniumeasy.tests.ValidateEnteringValueswithExcel@68c9133c]" started-at="2021-03-26T12:34:50Z" name="afterMethod" finished-at="2021-03-26T12:34:52Z" duration-ms="2004" status="PASS">
          <params>
            <param index="0">
              <value>
                <![CDATA[[TestResult name=validateEnteringValue status=FAILURE method=ValidateEnteringValueswithExcel.validateEnteringValue()[pri:0, instance:com.qa.seleniumeasy.tests.ValidateEnteringValueswithExcel@68c9133c] output={null}]]]>
              </value>
            </param>
          </params>
          <reporter-output>
          </reporter-output>
        </test-method> <!-- afterMethod -->
        <test-method is-config="true" signature="afterTest()[pri:0, instance:com.qa.seleniumeasy.tests.ValidateEnteringValueswithExcel@68c9133c]" started-at="2021-03-26T12:34:52Z" name="afterTest" finished-at="2021-03-26T12:34:52Z" duration-ms="0" status="PASS">
          <reporter-output>
          </reporter-output>
        </test-method> <!-- afterTest -->
      </class> <!-- com.qa.seleniumeasy.tests.ValidateEnteringValueswithExcel -->
    </test> <!-- ValidateEnteringValuesWithExcel -->
  </suite> <!-- Suite -->
</testng-results>
